# JRE version: OpenJDK Runtime Environment (8.0_242-b01) (build 1.8.0_242-release-1644-b01)
# Java VM: OpenJDK 64-Bit Server VM (25.242-b01 mixed mode windows-amd64 compressed oops)
Heap:
 PSYoungGen      total 526336K, used 391212K [0x00000000d5580000, 0x0000000100000000, 0x0000000100000000)
  eden space 367104K, 85% used [0x00000000d5580000,0x00000000e872a3b0,0x00000000ebc00000)
  from space 159232K, 49% used [0x00000000f5700000,0x00000000fa360ce8,0x00000000ff280000)
  to   space 158720K, 0% used [0x00000000ebc00000,0x00000000ebc00000,0x00000000f5700000)
 ParOldGen       total 356352K, used 258295K [0x0000000080000000, 0x0000000095c00000, 0x00000000d5580000)
  object space 356352K, 72% used [0x0000000080000000,0x000000008fc3dc20,0x0000000095c00000)
 Metaspace       used 153559K, capacity 161756K, committed 161944K, reserved 1189888K
  class space    used 18978K, capacity 20574K, committed 20656K, reserved 1048576K
GC Heap History (10 events):
Event: 6069.064 GC heap before
{Heap before GC invocations=68 (full 8):
 PSYoungGen      total 539136K, used 383784K [0x00000000d5580000, 0x0000000100000000, 0x0000000100000000)
  eden space 380416K, 100% used [0x00000000d5580000,0x00000000ec900000,0x00000000ec900000)
  from space 158720K, 2% used [0x00000000ec900000,0x00000000ecc4a370,0x00000000f6400000)
  to   space 158208K, 0% used [0x00000000f6580000,0x00000000f6580000,0x0000000100000000)
 ParOldGen       total 356352K, used 239285K [0x0000000080000000, 0x0000000095c00000, 0x00000000d5580000)
  object space 356352K, 67% used [0x0000000080000000,0x000000008e9ad480,0x0000000095c00000)
 Metaspace       used 146126K, capacity 153986K, committed 154136K, reserved 1183744K
  class space    used 18158K, capacity 19693K, committed 19760K, reserved 1048576K
Event: 6069.168 GC heap after
Heap after GC invocations=68 (full 8):
 PSYoungGen      total 532480K, used 14457K [0x00000000d5580000, 0x00000000ff880000, 0x0000000100000000)
  eden space 381952K, 0% used [0x00000000d5580000,0x00000000d5580000,0x00000000eca80000)
  from space 150528K, 9% used [0x00000000f6580000,0x00000000f739e5b0,0x00000000ff880000)
  to   space 154624K, 0% used [0x00000000eca80000,0x00000000eca80000,0x00000000f6180000)
 ParOldGen       total 356352K, used 241146K [0x0000000080000000, 0x0000000095c00000, 0x00000000d5580000)
  object space 356352K, 67% used [0x0000000080000000,0x000000008eb7e8d0,0x0000000095c00000)
 Metaspace       used 146126K, capacity 153986K, committed 154136K, reserved 1183744K
  class space    used 18158K, capacity 19693K, committed 19760K, reserved 1048576K
}
Event: 6070.710 GC heap before
{Heap before GC invocations=69 (full 8):
 PSYoungGen      total 532480K, used 396409K [0x00000000d5580000, 0x00000000ff880000, 0x0000000100000000)
  eden space 381952K, 100% used [0x00000000d5580000,0x00000000eca80000,0x00000000eca80000)
  from space 150528K, 9% used [0x00000000f6580000,0x00000000f739e5b0,0x00000000ff880000)
  to   space 154624K, 0% used [0x00000000eca80000,0x00000000eca80000,0x00000000f6180000)
 ParOldGen       total 356352K, used 241146K [0x0000000080000000, 0x0000000095c00000, 0x00000000d5580000)
  object space 356352K, 67% used [0x0000000080000000,0x000000008eb7e8d0,0x0000000095c00000)
 Metaspace       used 146144K, capacity 153986K, committed 154136K, reserved 1183744K
  class space    used 18158K, capacity 19693K, committed 19760K, reserved 1048576K
Event: 6071.272 GC heap after
Heap after GC invocations=69 (full 8):
 PSYoungGen      total 498688K, used 116451K [0x00000000d5580000, 0x0000000100000000, 0x0000000100000000)
  eden space 381952K, 0% used [0x00000000d5580000,0x00000000d5580000,0x00000000eca80000)
  from space 116736K, 99% used [0x00000000eca80000,0x00000000f3c38ce8,0x00000000f3c80000)
  to   space 168960K, 0% used [0x00000000f5b00000,0x00000000f5b00000,0x0000000100000000)
 ParOldGen       total 356352K, used 246788K [0x0000000080000000, 0x0000000095c00000, 0x00000000d5580000)
  object space 356352K, 69% used [0x0000000080000000,0x000000008f101008,0x0000000095c00000)
 Metaspace       used 146144K, capacity 153986K, committed 154136K, reserved 1183744K
  class space    used 18158K, capacity 19693K, committed 19760K, reserved 1048576K
}
Event: 6099.841 GC heap before
{Heap before GC invocations=70 (full 8):
 PSYoungGen      total 498688K, used 498403K [0x00000000d5580000, 0x0000000100000000, 0x0000000100000000)
  eden space 381952K, 100% used [0x00000000d5580000,0x00000000eca80000,0x00000000eca80000)
  from space 116736K, 99% used [0x00000000eca80000,0x00000000f3c38ce8,0x00000000f3c80000)
  to   space 168960K, 0% used [0x00000000f5b00000,0x00000000f5b00000,0x0000000100000000)
 ParOldGen       total 356352K, used 246788K [0x0000000080000000, 0x0000000095c00000, 0x00000000d5580000)
  object space 356352K, 69% used [0x0000000080000000,0x000000008f101008,0x0000000095c00000)
 Metaspace       used 146358K, capacity 154476K, committed 154776K, reserved 1183744K
  class space    used 18197K, capacity 19764K, committed 19888K, reserved 1048576K
Event: 6100.600 GC heap after
Heap after GC invocations=70 (full 8):
 PSYoungGen      total 535552K, used 24061K [0x00000000d5580000, 0x0000000100000000, 0x0000000100000000)
  eden space 366592K, 0% used [0x00000000d5580000,0x00000000d5580000,0x00000000ebb80000)
  from space 168960K, 14% used [0x00000000f5b00000,0x00000000f727f470,0x0000000100000000)
  to   space 163328K, 0% used [0x00000000ebb80000,0x00000000ebb80000,0x00000000f5b00000)
 ParOldGen       total 356352K, used 246868K [0x0000000080000000, 0x0000000095c00000, 0x00000000d5580000)
  object space 356352K, 69% used [0x0000000080000000,0x000000008f115008,0x0000000095c00000)
 Metaspace       used 146358K, capacity 154476K, committed 154776K, reserved 1183744K
  class space    used 18197K, capacity 19764K, committed 19888K, reserved 1048576K
}
Event: 7497.978 GC heap before
{Heap before GC invocations=71 (full 8):
 PSYoungGen      total 535552K, used 390653K [0x00000000d5580000, 0x0000000100000000, 0x0000000100000000)
  eden space 366592K, 100% used [0x00000000d5580000,0x00000000ebb80000,0x00000000ebb80000)
  from space 168960K, 14% used [0x00000000f5b00000,0x00000000f727f470,0x0000000100000000)
  to   space 163328K, 0% used [0x00000000ebb80000,0x00000000ebb80000,0x00000000f5b00000)
 ParOldGen       total 356352K, used 246868K [0x0000000080000000, 0x0000000095c00000, 0x00000000d5580000)
  object space 356352K, 69% used [0x0000000080000000,0x000000008f115008,0x0000000095c00000)
 Metaspace       used 146508K, capacity 154644K, committed 154776K, reserved 1183744K
  class space    used 18201K, capacity 19770K, committed 19888K, reserved 1048576K
Event: 7498.550 GC heap after
Heap after GC invocations=71 (full 8):
 PSYoungGen      total 379392K, used 12752K [0x00000000d5580000, 0x00000000ff280000, 0x0000000100000000)
  eden space 366592K, 0% used [0x00000000d5580000,0x00000000d5580000,0x00000000ebb80000)
  from space 12800K, 99% used [0x00000000ebb80000,0x00000000ec7f4178,0x00000000ec800000)
  to   space 159232K, 0% used [0x00000000f5700000,0x00000000f5700000,0x00000000ff280000)
 ParOldGen       total 356352K, used 247696K [0x0000000080000000, 0x0000000095c00000, 0x00000000d5580000)
  object space 356352K, 69% used [0x0000000080000000,0x000000008f1e4388,0x0000000095c00000)
 Metaspace       used 146508K, capacity 154644K, committed 154776K, reserved 1183744K
  class space    used 18201K, capacity 19770K, committed 19888K, reserved 1048576K
}
Event: 7504.871 GC heap before
{Heap before GC invocations=72 (full 8):
 PSYoungGen      total 379392K, used 379344K [0x00000000d5580000, 0x00000000ff280000, 0x0000000100000000)
  eden space 366592K, 100% used [0x00000000d5580000,0x00000000ebb80000,0x00000000ebb80000)
  from space 12800K, 99% used [0x00000000ebb80000,0x00000000ec7f4178,0x00000000ec800000)
  to   space 159232K, 0% used [0x00000000f5700000,0x00000000f5700000,0x00000000ff280000)
 ParOldGen       total 356352K, used 247696K [0x0000000080000000, 0x0000000095c00000, 0x00000000d5580000)
  object space 356352K, 69% used [0x0000000080000000,0x000000008f1e4388,0x0000000095c00000)
 Metaspace       used 153354K, capacity 161544K, committed 161688K, reserved 1189888K
  class space    used 18975K, capacity 20570K, committed 20656K, reserved 1048576K
Event: 7505.568 GC heap after
Heap after GC invocations=72 (full 8):
 PSYoungGen      total 526336K, used 78211K [0x00000000d5580000, 0x0000000100000000, 0x0000000100000000)
  eden space 367104K, 0% used [0x00000000d5580000,0x00000000d5580000,0x00000000ebc00000)
  from space 159232K, 49% used [0x00000000f5700000,0x00000000fa360ce8,0x00000000ff280000)
  to   space 158720K, 0% used [0x00000000ebc00000,0x00000000ebc00000,0x00000000f5700000)
 ParOldGen       total 356352K, used 258295K [0x0000000080000000, 0x0000000095c00000, 0x00000000d5580000)
  object space 356352K, 72% used [0x0000000080000000,0x000000008fc3dc20,0x0000000095c00000)
 Metaspace       used 153354K, capacity 161544K, committed 161688K, reserved 1189888K
  class space    used 18975K, capacity 20570K, committed 20656K, reserved 1048576K
}

