# JRE version: OpenJDK Runtime Environment (8.0_242-b01) (build 1.8.0_242-release-1644-b01)
# Java VM: OpenJDK 64-Bit Server VM (25.242-b01 mixed mode windows-amd64 compressed oops)
Heap:
 PSYoungGen      total 108544K, used 82063K [0x00000000d5580000, 0x00000000dde00000, 0x0000000100000000)
  eden space 99328K, 82% used [0x00000000d5580000,0x00000000da5a3c28,0x00000000db680000)
  from space 9216K, 0% used [0x00000000dbf80000,0x00000000dbf80000,0x00000000dc880000)
  to   space 9216K, 0% used [0x00000000db680000,0x00000000db680000,0x00000000dbf80000)
 ParOldGen       total 57344K, used 15710K [0x0000000080000000, 0x0000000083800000, 0x00000000d5580000)
  object space 57344K, 27% used [0x0000000080000000,0x0000000080f57860,0x0000000083800000)
 Metaspace       used 41110K, capacity 42456K, committed 42792K, reserved 1085440K
  class space    used 5592K, capacity 5890K, committed 5936K, reserved 1048576K
GC Heap History (10 events):
Event: 6.300 GC heap before
{Heap before GC invocations=10 (full 1):
 PSYoungGen      total 67584K, used 6112K [0x00000000d5580000, 0x00000000dc400000, 0x0000000100000000)
  eden space 60928K, 0% used [0x00000000d5580000,0x00000000d5580000,0x00000000d9100000)
  from space 6656K, 91% used [0x00000000d9100000,0x00000000d96f81e0,0x00000000d9780000)
  to   space 7680K, 0% used [0x00000000dbc80000,0x00000000dbc80000,0x00000000dc400000)
 ParOldGen       total 42496K, used 6447K [0x0000000080000000, 0x0000000082980000, 0x00000000d5580000)
  object space 42496K, 15% used [0x0000000080000000,0x000000008064be90,0x0000000082980000)
 Metaspace       used 20607K, capacity 21224K, committed 21296K, reserved 1067008K
  class space    used 2885K, capacity 3084K, committed 3120K, reserved 1048576K
Event: 6.412 GC heap after
Heap after GC invocations=10 (full 1):
 PSYoungGen      total 67584K, used 0K [0x00000000d5580000, 0x00000000dc400000, 0x0000000100000000)
  eden space 60928K, 0% used [0x00000000d5580000,0x00000000d5580000,0x00000000d9100000)
  from space 6656K, 0% used [0x00000000d9100000,0x00000000d9100000,0x00000000d9780000)
  to   space 7680K, 0% used [0x00000000dbc80000,0x00000000dbc80000,0x00000000dc400000)
 ParOldGen       total 35840K, used 9742K [0x0000000080000000, 0x0000000082300000, 0x00000000d5580000)
  object space 35840K, 27% used [0x0000000080000000,0x0000000080983ac0,0x0000000082300000)
 Metaspace       used 20607K, capacity 21224K, committed 21296K, reserved 1067008K
  class space    used 2885K, capacity 3084K, committed 3120K, reserved 1048576K
}
Event: 8.581 GC heap before
{Heap before GC invocations=11 (full 1):
 PSYoungGen      total 67584K, used 60928K [0x00000000d5580000, 0x00000000dc400000, 0x0000000100000000)
  eden space 60928K, 100% used [0x00000000d5580000,0x00000000d9100000,0x00000000d9100000)
  from space 6656K, 0% used [0x00000000d9100000,0x00000000d9100000,0x00000000d9780000)
  to   space 7680K, 0% used [0x00000000dbc80000,0x00000000dbc80000,0x00000000dc400000)
 ParOldGen       total 35840K, used 9742K [0x0000000080000000, 0x0000000082300000, 0x00000000d5580000)
  object space 35840K, 27% used [0x0000000080000000,0x0000000080983ac0,0x0000000082300000)
 Metaspace       used 28153K, capacity 28848K, committed 28976K, reserved 1075200K
  class space    used 3886K, capacity 4127K, committed 4144K, reserved 1048576K
Event: 8.595 GC heap after
Heap after GC invocations=11 (full 1):
 PSYoungGen      total 86016K, used 7673K [0x00000000d5580000, 0x00000000dc400000, 0x0000000100000000)
  eden space 78336K, 0% used [0x00000000d5580000,0x00000000d5580000,0x00000000da200000)
  from space 7680K, 99% used [0x00000000dbc80000,0x00000000dc3fe788,0x00000000dc400000)
  to   space 8704K, 0% used [0x00000000db300000,0x00000000db300000,0x00000000dbb80000)
 ParOldGen       total 35840K, used 9993K [0x0000000080000000, 0x0000000082300000, 0x00000000d5580000)
  object space 35840K, 27% used [0x0000000080000000,0x00000000809c2448,0x0000000082300000)
 Metaspace       used 28153K, capacity 28848K, committed 28976K, reserved 1075200K
  class space    used 3886K, capacity 4127K, committed 4144K, reserved 1048576K
}
Event: 10.648 GC heap before
{Heap before GC invocations=12 (full 1):
 PSYoungGen      total 86016K, used 86009K [0x00000000d5580000, 0x00000000dc400000, 0x0000000100000000)
  eden space 78336K, 100% used [0x00000000d5580000,0x00000000da200000,0x00000000da200000)
  from space 7680K, 99% used [0x00000000dbc80000,0x00000000dc3fe788,0x00000000dc400000)
  to   space 8704K, 0% used [0x00000000db300000,0x00000000db300000,0x00000000dbb80000)
 ParOldGen       total 35840K, used 9993K [0x0000000080000000, 0x0000000082300000, 0x00000000d5580000)
  object space 35840K, 27% used [0x0000000080000000,0x00000000809c2448,0x0000000082300000)
 Metaspace       used 32688K, capacity 33516K, committed 33712K, reserved 1079296K
  class space    used 4470K, capacity 4675K, committed 4784K, reserved 1048576K
Event: 10.670 GC heap after
Heap after GC invocations=12 (full 1):
 PSYoungGen      total 104448K, used 6664K [0x00000000d5580000, 0x00000000dc880000, 0x0000000100000000)
  eden space 95744K, 0% used [0x00000000d5580000,0x00000000d5580000,0x00000000db300000)
  from space 8704K, 76% used [0x00000000db300000,0x00000000db9823d0,0x00000000dbb80000)
  to   space 9216K, 0% used [0x00000000dbf80000,0x00000000dbf80000,0x00000000dc880000)
 ParOldGen       total 35840K, used 13114K [0x0000000080000000, 0x0000000082300000, 0x00000000d5580000)
  object space 35840K, 36% used [0x0000000080000000,0x0000000080cceb60,0x0000000082300000)
 Metaspace       used 32688K, capacity 33516K, committed 33712K, reserved 1079296K
  class space    used 4470K, capacity 4675K, committed 4784K, reserved 1048576K
}
Event: 11.950 GC heap before
{Heap before GC invocations=13 (full 1):
 PSYoungGen      total 104448K, used 46520K [0x00000000d5580000, 0x00000000dc880000, 0x0000000100000000)
  eden space 95744K, 41% used [0x00000000d5580000,0x00000000d7c6be78,0x00000000db300000)
  from space 8704K, 76% used [0x00000000db300000,0x00000000db9823d0,0x00000000dbb80000)
  to   space 9216K, 0% used [0x00000000dbf80000,0x00000000dbf80000,0x00000000dc880000)
 ParOldGen       total 35840K, used 13114K [0x0000000080000000, 0x0000000082300000, 0x00000000d5580000)
  object space 35840K, 36% used [0x0000000080000000,0x0000000080cceb60,0x0000000082300000)
 Metaspace       used 34524K, capacity 35430K, committed 35496K, reserved 1079296K
  class space    used 4738K, capacity 5002K, committed 5040K, reserved 1048576K
Event: 11.966 GC heap after
Heap after GC invocations=13 (full 1):
 PSYoungGen      total 108544K, used 5991K [0x00000000d5580000, 0x00000000dde00000, 0x0000000100000000)
  eden space 99328K, 0% used [0x00000000d5580000,0x00000000d5580000,0x00000000db680000)
  from space 9216K, 65% used [0x00000000dbf80000,0x00000000dc559ff0,0x00000000dc880000)
  to   space 9216K, 0% used [0x00000000db680000,0x00000000db680000,0x00000000dbf80000)
 ParOldGen       total 35840K, used 13122K [0x0000000080000000, 0x0000000082300000, 0x00000000d5580000)
  object space 35840K, 36% used [0x0000000080000000,0x0000000080cd0b60,0x0000000082300000)
 Metaspace       used 34524K, capacity 35430K, committed 35496K, reserved 1079296K
  class space    used 4738K, capacity 5002K, committed 5040K, reserved 1048576K
}
Event: 11.966 GC heap before
{Heap before GC invocations=14 (full 2):
 PSYoungGen      total 108544K, used 5991K [0x00000000d5580000, 0x00000000dde00000, 0x0000000100000000)
  eden space 99328K, 0% used [0x00000000d5580000,0x00000000d5580000,0x00000000db680000)
  from space 9216K, 65% used [0x00000000dbf80000,0x00000000dc559ff0,0x00000000dc880000)
  to   space 9216K, 0% used [0x00000000db680000,0x00000000db680000,0x00000000dbf80000)
 ParOldGen       total 35840K, used 13122K [0x0000000080000000, 0x0000000082300000, 0x00000000d5580000)
  object space 35840K, 36% used [0x0000000080000000,0x0000000080cd0b60,0x0000000082300000)
 Metaspace       used 34524K, capacity 35430K, committed 35496K, reserved 1079296K
  class space    used 4738K, capacity 5002K, committed 5040K, reserved 1048576K
Event: 12.104 GC heap after
Heap after GC invocations=14 (full 2):
 PSYoungGen      total 108544K, used 0K [0x00000000d5580000, 0x00000000dde00000, 0x0000000100000000)
  eden space 99328K, 0% used [0x00000000d5580000,0x00000000d5580000,0x00000000db680000)
  from space 9216K, 0% used [0x00000000dbf80000,0x00000000dbf80000,0x00000000dc880000)
  to   space 9216K, 0% used [0x00000000db680000,0x00000000db680000,0x00000000dbf80000)
 ParOldGen       total 57344K, used 15710K [0x0000000080000000, 0x0000000083800000, 0x00000000d5580000)
  object space 57344K, 27% used [0x0000000080000000,0x0000000080f57860,0x0000000083800000)
 Metaspace       used 34524K, capacity 35430K, committed 35496K, reserved 1079296K
  class space    used 4738K, capacity 5002K, committed 5040K, reserved 1048576K
}

